d:\01_work\2016q34\02_西研所软件训练营\release_2\07.实战课程-西研\实战课程_c语言版\03_演练和实战工程\project\subwaycharge_student\subwaycharge\release\subwaycommonsplit.obj
d:\01_work\2016q34\02_西研所软件训练营\release_2\07.实战课程-西研\实战课程_c语言版\03_演练和实战工程\project\subwaycharge_student\subwaycharge\release\subwaysingleticketproc.obj
d:\01_work\2016q34\02_西研所软件训练营\release_2\07.实战课程-西研\实战课程_c语言版\03_演练和实战工程\project\subwaycharge_student\subwaycharge\release\subwayresetproc.obj
d:\01_work\2016q34\02_西研所软件训练营\release_2\07.实战课程-西研\实战课程_c语言版\03_演练和实战工程\project\subwaycharge_student\subwaycharge\release\subwayquerylineproc.obj
d:\01_work\2016q34\02_西研所软件训练营\release_2\07.实战课程-西研\实战课程_c语言版\03_演练和实战工程\project\subwaycharge_student\subwaycharge\release\subwayqueryhistoryproc.obj
d:\01_work\2016q34\02_西研所软件训练营\release_2\07.实战课程-西研\实战课程_c语言版\03_演练和实战工程\project\subwaycharge_student\subwaycharge\release\subwayfillchargeproc.obj
d:\01_work\2016q34\02_西研所软件训练营\release_2\07.实战课程-西研\实战课程_c语言版\03_演练和实战工程\project\subwaycharge_student\subwaycharge\release\subwaydeductproc.obj
d:\01_work\2016q34\02_西研所软件训练营\release_2\07.实战课程-西研\实战课程_c语言版\03_演练和实战工程\project\subwaycharge_student\subwaycharge\release\subwaycreatecardproc.obj
d:\01_work\2016q34\02_西研所软件训练营\release_2\07.实战课程-西研\实战课程_c语言版\03_演练和实战工程\project\subwaycharge_student\subwaycharge\release\subwaycmdparse.obj
d:\01_work\2016q34\02_西研所软件训练营\release_2\07.实战课程-西研\实战课程_c语言版\03_演练和实战工程\project\subwaycharge_student\subwaycharge\release\cmdsingleticket.obj
d:\01_work\2016q34\02_西研所软件训练营\release_2\07.实战课程-西研\实战课程_c语言版\03_演练和实战工程\project\subwaycharge_student\subwaycharge\release\cmdreset.obj
d:\01_work\2016q34\02_西研所软件训练营\release_2\07.实战课程-西研\实战课程_c语言版\03_演练和实战工程\project\subwaycharge_student\subwaycharge\release\cmdqueryline.obj
d:\01_work\2016q34\02_西研所软件训练营\release_2\07.实战课程-西研\实战课程_c语言版\03_演练和实战工程\project\subwaycharge_student\subwaycharge\release\cmdqueryhistory.obj
d:\01_work\2016q34\02_西研所软件训练营\release_2\07.实战课程-西研\实战课程_c语言版\03_演练和实战工程\project\subwaycharge_student\subwaycharge\release\cmdfillcharge.obj
d:\01_work\2016q34\02_西研所软件训练营\release_2\07.实战课程-西研\实战课程_c语言版\03_演练和实战工程\project\subwaycharge_student\subwaycharge\release\cmddestroycard.obj
d:\01_work\2016q34\02_西研所软件训练营\release_2\07.实战课程-西研\实战课程_c语言版\03_演练和实战工程\project\subwaycharge_student\subwaycharge\release\cmddeductproc.obj
d:\01_work\2016q34\02_西研所软件训练营\release_2\07.实战课程-西研\实战课程_c语言版\03_演练和实战工程\project\subwaycharge_student\subwaycharge\release\cmdcreatecard.obj
d:\01_work\2016q34\02_西研所软件训练营\release_2\07.实战课程-西研\实战课程_c语言版\03_演练和实战工程\project\subwaycharge_student\subwaycharge\release\subwaycharge.obj
d:\01_work\2016q34\02_西研所软件训练营\release_2\07.实战课程-西研\实战课程_c语言版\03_演练和实战工程\project\subwaycharge_student\subwaycharge\release\subwaycard.obj
d:\01_work\2016q34\02_西研所软件训练营\release_2\07.实战课程-西研\实战课程_c语言版\03_演练和实战工程\project\subwaycharge_student\subwaycharge\release\stdafx.obj
d:\01_work\2016q34\02_西研所软件训练营\release_2\07.实战课程-西研\实战课程_c语言版\03_演练和实战工程\project\subwaycharge_student\subwaycharge\release\subwayprice_test.obj
d:\01_work\2016q34\02_西研所软件训练营\release_2\07.实战课程-西研\实战课程_c语言版\03_演练和实战工程\project\subwaycharge_student\subwaycharge\release\subwayline_test.obj
d:\01_work\2016q34\02_西研所软件训练营\release_2\07.实战课程-西研\实战课程_c语言版\03_演练和实战工程\project\subwaycharge_student\subwaycharge\release\subwaycard_test.obj
d:\01_work\2016q34\02_西研所软件训练营\release_2\07.实战课程-西研\实战课程_c语言版\03_演练和实战工程\project\subwaycharge_student\subwaycharge\release\subwaysocket.obj
d:\01_work\2016q34\02_西研所软件训练营\release_2\07.实战课程-西研\实战课程_c语言版\03_演练和实战工程\project\subwaycharge_student\subwaycharge\release\deductprice.obj
d:\01_work\2016q34\02_西研所软件训练营\release_2\07.实战课程-西研\实战课程_c语言版\03_演练和实战工程\project\subwaycharge_student\subwaycharge\release\baseprice.obj
d:\01_work\2016q34\02_西研所软件训练营\release_2\07.实战课程-西研\实战课程_c语言版\03_演练和实战工程\project\subwaycharge_student\subwaycharge\release\subwayline.obj
d:\01_work\2016q34\02_西研所软件训练营\release_2\07.实战课程-西研\实战课程_c语言版\03_演练和实战工程\project\subwaycharge_student\subwaycharge\release\subwayerror.obj
d:\01_work\2016q34\02_西研所软件训练营\release_2\07.实战课程-西研\实战课程_c语言版\03_演练和实战工程\project\subwaycharge_student\subwaycharge\release\subwayoutput.obj
d:\01_work\2016q34\02_西研所软件训练营\release_2\07.实战课程-西研\实战课程_c语言版\03_演练和实战工程\project\subwaycharge_student\subwaycharge\release\subwaycmdproc.obj
d:\01_work\2016q34\02_西研所软件训练营\release_2\07.实战课程-西研\实战课程_c语言版\03_演练和实战工程\project\subwaycharge_student\subwaycharge\release\vc100.pdb
d:\01_work\2016q34\02_西研所软件训练营\release_2\07.实战课程-西研\实战课程_c语言版\03_演练和实战工程\project\subwaycharge_student\release\subwaycharge.exe
d:\01_work\2016q34\02_西研所软件训练营\release_2\07.实战课程-西研\实战课程_c语言版\03_演练和实战工程\project\subwaycharge_student\subwaycharge\release\subwaycharge.exe.intermediate.manifest
d:\01_work\2016q34\02_西研所软件训练营\release_2\07.实战课程-西研\实战课程_c语言版\03_演练和实战工程\project\subwaycharge_student\release\subwaycharge.pdb
f:\huawei\07-d3d4【实战】演练和实战工程\project\subwaycharge_student\subwaycharge\release\vc140.pdb
f:\huawei\07-d3d4【实战】演练和实战工程\project\subwaycharge_student\subwaycharge\release\subwaycommonsplit.obj
f:\huawei\07-d3d4【实战】演练和实战工程\project\subwaycharge_student\subwaycharge\release\subwaysingleticketproc.obj
f:\huawei\07-d3d4【实战】演练和实战工程\project\subwaycharge_student\subwaycharge\release\subwayresetproc.obj
f:\huawei\07-d3d4【实战】演练和实战工程\project\subwaycharge_student\subwaycharge\release\subwayquerylineproc.obj
f:\huawei\07-d3d4【实战】演练和实战工程\project\subwaycharge_student\subwaycharge\release\subwayqueryhistoryproc.obj
f:\huawei\07-d3d4【实战】演练和实战工程\project\subwaycharge_student\subwaycharge\release\subwayfillchargeproc.obj
f:\huawei\07-d3d4【实战】演练和实战工程\project\subwaycharge_student\subwaycharge\release\subwaydeductproc.obj
f:\huawei\07-d3d4【实战】演练和实战工程\project\subwaycharge_student\subwaycharge\release\subwaycreatecardproc.obj
f:\huawei\07-d3d4【实战】演练和实战工程\project\subwaycharge_student\subwaycharge\release\subwaycmdparse.obj
f:\huawei\07-d3d4【实战】演练和实战工程\project\subwaycharge_student\subwaycharge\release\cmdsingleticket.obj
f:\huawei\07-d3d4【实战】演练和实战工程\project\subwaycharge_student\subwaycharge\release\cmdreset.obj
f:\huawei\07-d3d4【实战】演练和实战工程\project\subwaycharge_student\subwaycharge\release\cmdqueryline.obj
f:\huawei\07-d3d4【实战】演练和实战工程\project\subwaycharge_student\subwaycharge\release\cmdqueryhistory.obj
f:\huawei\07-d3d4【实战】演练和实战工程\project\subwaycharge_student\subwaycharge\release\cmdfillcharge.obj
f:\huawei\07-d3d4【实战】演练和实战工程\project\subwaycharge_student\subwaycharge\release\cmddestroycard.obj
f:\huawei\07-d3d4【实战】演练和实战工程\project\subwaycharge_student\subwaycharge\release\cmddeductproc.obj
f:\huawei\07-d3d4【实战】演练和实战工程\project\subwaycharge_student\subwaycharge\release\cmdcreatecard.obj
f:\huawei\07-d3d4【实战】演练和实战工程\project\subwaycharge_student\subwaycharge\release\subwaycharge.obj
f:\huawei\07-d3d4【实战】演练和实战工程\project\subwaycharge_student\subwaycharge\release\subwaycard.obj
f:\huawei\07-d3d4【实战】演练和实战工程\project\subwaycharge_student\subwaycharge\release\stdafx.obj
f:\huawei\07-d3d4【实战】演练和实战工程\project\subwaycharge_student\subwaycharge\release\subwayprice_test.obj
f:\huawei\07-d3d4【实战】演练和实战工程\project\subwaycharge_student\subwaycharge\release\subwayline_test.obj
f:\huawei\07-d3d4【实战】演练和实战工程\project\subwaycharge_student\subwaycharge\release\subwaycard_test.obj
f:\huawei\07-d3d4【实战】演练和实战工程\project\subwaycharge_student\subwaycharge\release\subwaysocket.obj
f:\huawei\07-d3d4【实战】演练和实战工程\project\subwaycharge_student\subwaycharge\release\deductprice.obj
f:\huawei\07-d3d4【实战】演练和实战工程\project\subwaycharge_student\subwaycharge\release\baseprice.obj
f:\huawei\07-d3d4【实战】演练和实战工程\project\subwaycharge_student\subwaycharge\release\subwayline.obj
f:\huawei\07-d3d4【实战】演练和实战工程\project\subwaycharge_student\subwaycharge\release\subwayerror.obj
f:\huawei\07-d3d4【实战】演练和实战工程\project\subwaycharge_student\subwaycharge\release\subwayoutput.obj
f:\huawei\07-d3d4【实战】演练和实战工程\project\subwaycharge_student\subwaycharge\release\subwaycmdproc.obj
f:\huawei\07-d3d4【实战】演练和实战工程\project\subwaycharge_student\release\subwaycharge.exe
f:\huawei\07-d3d4【实战】演练和实战工程\project\subwaycharge_student\release\subwaycharge.ipdb
f:\huawei\07-d3d4【实战】演练和实战工程\project\subwaycharge_student\release\subwaycharge.iobj
f:\huawei\07-d3d4【实战】演练和实战工程\project\subwaycharge_student\release\subwaycharge.pdb
f:\huawei\07-d3d4【实战】演练和实战工程\project\subwaycharge_student\subwaycharge\release\cl.command.1.tlog
f:\huawei\07-d3d4【实战】演练和实战工程\project\subwaycharge_student\subwaycharge\release\cl.read.1.tlog
f:\huawei\07-d3d4【实战】演练和实战工程\project\subwaycharge_student\subwaycharge\release\cl.write.1.tlog
f:\huawei\07-d3d4【实战】演练和实战工程\project\subwaycharge_student\subwaycharge\release\link.command.1.tlog
f:\huawei\07-d3d4【实战】演练和实战工程\project\subwaycharge_student\subwaycharge\release\link.read.1.tlog
f:\huawei\07-d3d4【实战】演练和实战工程\project\subwaycharge_student\subwaycharge\release\link.write.1.tlog
f:\huawei\07-d3d4【实战】演练和实战工程\project\subwaycharge_student\subwaycharge\release\mt.command.1.tlog
f:\huawei\07-d3d4【实战】演练和实战工程\project\subwaycharge_student\subwaycharge\release\mt.read.1.tlog
f:\huawei\07-d3d4【实战】演练和实战工程\project\subwaycharge_student\subwaycharge\release\mt.write.1.tlog
f:\huawei\07-d3d4【实战】演练和实战工程\project\subwaycharge_student\subwaycharge\release\subwaycharge.write.1.tlog
f:\huawei\07-d3d4【实战】演练和实战工程\project\subwaycharge_student\subwaycharge\release\subwaycharge.exe.intermediate.manifest
f:\huawei\07-d3d4【实战】演练和实战工程\project\subwaycharge_student\subwaycharge\release\vc100.pdb
f:\huawei\07-d3d4【实战】演练和实战工程\project\subwaycharge_student\subwaycharge\release\subwaycharge.tlog\cl.command.1.tlog
f:\huawei\07-d3d4【实战】演练和实战工程\project\subwaycharge_student\subwaycharge\release\subwaycharge.tlog\cl.read.1.tlog
f:\huawei\07-d3d4【实战】演练和实战工程\project\subwaycharge_student\subwaycharge\release\subwaycharge.tlog\cl.write.1.tlog
f:\huawei\07-d3d4【实战】演练和实战工程\project\subwaycharge_student\subwaycharge\release\subwaycharge.tlog\link.command.1.tlog
f:\huawei\07-d3d4【实战】演练和实战工程\project\subwaycharge_student\subwaycharge\release\subwaycharge.tlog\link.read.1.tlog
f:\huawei\07-d3d4【实战】演练和实战工程\project\subwaycharge_student\subwaycharge\release\subwaycharge.tlog\link.write.1.tlog
